TN:
SF:/Users/deryatasdogen/Documents/Workspace/AngularCalculator/src/polyfills.ts
FNF:0
FNH:0
LF:0
LH:0
BRF:0
BRH:0
end_of_record
TN:
SF:/Users/deryatasdogen/Documents/Workspace/AngularCalculator/src/test.ts
FNF:0
FNH:0
DA:13,1
DA:18,1
DA:20,1
LF:3
LH:3
BRF:0
BRH:0
end_of_record
TN:
SF:/Users/deryatasdogen/Documents/Workspace/AngularCalculator/src/app/app.component.ts
FN:5,(anonymous_0)
FNF:1
FNH:1
FNDA:2,(anonymous_0)
DA:10,1
DA:11,2
LF:2
LH:2
BRF:0
BRH:0
end_of_record
TN:
SF:/Users/deryatasdogen/Documents/Workspace/AngularCalculator/src/app/components/display.action.ts
FN:9,(anonymous_0)
FN:14,(anonymous_1)
FN:18,(anonymous_2)
FNF:3
FNH:3
FNDA:1,(anonymous_0)
FNDA:2,(anonymous_1)
FNDA:1,(anonymous_2)
DA:3,1
DA:4,1
DA:5,1
DA:8,1
DA:9,1
DA:13,2
DA:14,2
DA:17,1
DA:18,1
LF:9
LH:9
BRF:0
BRH:0
end_of_record
TN:
SF:/Users/deryatasdogen/Documents/Workspace/AngularCalculator/src/app/components/display.reducer.ts
FN:7,displayReducer
FNF:1
FNH:1
FNDA:11,displayReducer
DA:4,1
DA:8,11
DA:9,11
DA:10,11
DA:12,1
DA:13,1
DA:14,1
DA:15,0
DA:17,2
DA:18,2
DA:19,2
DA:21,1
DA:24,7
LF:13
LH:12
BRDA:11,0,0,1
BRDA:11,0,1,2
BRDA:11,0,2,1
BRDA:11,0,3,7
BRF:4
BRH:4
end_of_record
TN:
SF:/Users/deryatasdogen/Documents/Workspace/AngularCalculator/src/app/components/button/button.component.ts
FN:17,(anonymous_0)
FN:22,(anonymous_1)
FN:25,(anonymous_2)
FNF:3
FNH:3
FNDA:5,(anonymous_0)
FNDA:5,(anonymous_1)
FNDA:3,(anonymous_2)
DA:12,1
DA:14,1
DA:15,1
DA:17,5
DA:26,3
DA:27,1
DA:28,1
DA:29,2
DA:30,1
DA:31,1
DA:33,1
DA:34,1
DA:35,1
LF:13
LH:13
BRDA:26,0,0,1
BRDA:26,0,1,2
BRDA:29,1,0,1
BRDA:29,1,1,1
BRF:4
BRH:4
end_of_record
TN:
SF:/Users/deryatasdogen/Documents/Workspace/AngularCalculator/src/app/components/calculator/calculator.component.ts
FN:10,(anonymous_0)
FN:12,(anonymous_1)
FNF:2
FNH:2
FNDA:1,(anonymous_0)
FNDA:1,(anonymous_1)
DA:8,1
LF:1
LH:1
BRF:0
BRH:0
end_of_record
TN:
SF:/Users/deryatasdogen/Documents/Workspace/AngularCalculator/src/app/components/display/display.component.ts
FN:15,(anonymous_0)
FN:17,(anonymous_1)
FNF:2
FNH:2
FNDA:2,(anonymous_0)
FNDA:1,(anonymous_1)
DA:11,1
DA:15,2
DA:18,1
LF:3
LH:3
BRF:0
BRH:0
end_of_record
TN:
SF:/Users/deryatasdogen/Documents/Workspace/AngularCalculator/src/app/components/numberpad/numberpad.component.ts
FN:12,(anonymous_0)
FN:14,(anonymous_1)
FNF:2
FNH:2
FNDA:1,(anonymous_0)
FNDA:1,(anonymous_1)
DA:10,1
LF:1
LH:1
BRF:0
BRH:0
end_of_record
TN:
SF:/Users/deryatasdogen/Documents/Workspace/AngularCalculator/src/app/components/operation/operation.component.ts
FN:13,(anonymous_0)
FN:15,(anonymous_1)
FNF:2
FNH:2
FNDA:1,(anonymous_0)
FNDA:1,(anonymous_1)
DA:9,1
DA:11,1
DA:12,1
LF:3
LH:3
BRF:0
BRH:0
end_of_record
